[17:42:19] [main/INFO]: Loading Minecraft 1.21 with Fabric Loader 0.15.11
[17:42:19] [main/INFO]: Fabric is preparing JARs on first launch, this may take a few seconds...
[17:42:20] [main/INFO]: Loading 52 mods:
	- fabric-api 0.100.1+1.21
	   |-- fabric-api-base 0.4.42+6573ed8c90
	   |-- fabric-api-lookup-api-v1 1.6.65+b559734490
	   |-- fabric-biome-api-v1 13.0.28+6fc22b9990
	   |-- fabric-block-api-v1 1.0.22+0af3f5a790
	   |-- fabric-block-view-api-v2 1.0.10+6573ed8c90
	   |-- fabric-blockrenderlayer-v1 1.1.52+0af3f5a790
	   |-- fabric-client-tags-api-v1 1.1.15+6573ed8c90
	   |-- fabric-command-api-v1 1.2.48+f71b366f90
	   |-- fabric-command-api-v2 2.2.27+6a6dfa1990
	   |-- fabric-commands-v0 0.2.65+df3654b390
	   |-- fabric-content-registries-v0 8.0.11+b559734490
	   |-- fabric-convention-tags-v1 2.0.12+7f945d5b90
	   |-- fabric-convention-tags-v2 2.2.1+d153f34490
	   |-- fabric-crash-report-info-v1 0.2.29+0af3f5a790
	   |-- fabric-data-attachment-api-v1 1.1.22+6a6dfa1990
	   |-- fabric-data-generation-api-v1 20.2.6+16c4ae2590
	   |-- fabric-dimensions-v1 4.0.0+6fc22b9990
	   |-- fabric-entity-events-v1 1.6.12+6fc22b9990
	   |-- fabric-events-interaction-v0 0.7.10+e633f88390
	   |-- fabric-game-rule-api-v1 1.0.52+6573ed8c90
	   |-- fabric-item-api-v1 11.0.0+afdfc92190
	   |-- fabric-item-group-api-v1 4.1.0+00ab0a6390
	   |-- fabric-key-binding-api-v1 1.0.47+0af3f5a790
	   |-- fabric-keybindings-v0 0.2.45+df3654b390
	   |-- fabric-lifecycle-events-v1 2.3.9+98a7dbbb90
	   |-- fabric-loot-api-v2 3.0.9+6573ed8c90
	   |-- fabric-message-api-v1 6.0.13+6573ed8c90
	   |-- fabric-model-loading-api-v1 2.0.0+fe474d6b90
	   |-- fabric-networking-api-v1 4.1.0+686dcdce90
	   |-- fabric-object-builder-api-v1 15.1.10+d132107690
	   |-- fabric-particles-v1 4.0.2+6573ed8c90
	   |-- fabric-recipe-api-v1 5.0.8+6573ed8c90
	   |-- fabric-registry-sync-v0 5.0.21+b9828ba390
	   |-- fabric-renderer-api-v1 3.2.16+fe474d6b90
	   |-- fabric-renderer-indigo 1.6.3+cc9f121a90
	   |-- fabric-renderer-registries-v1 3.2.66+df3654b390
	   |-- fabric-rendering-data-attachment-v1 0.3.48+73761d2e90
	   |-- fabric-rendering-fluids-v1 3.1.6+b559734490
	   |-- fabric-rendering-v0 1.1.69+df3654b390
	   |-- fabric-rendering-v1 5.0.3+d132107690
	   |-- fabric-resource-conditions-api-v1 4.2.1+d153f34490
	   |-- fabric-resource-loader-v0 1.1.3+b559734490
	   |-- fabric-screen-api-v1 2.0.24+b559734490
	   |-- fabric-screen-handler-api-v1 1.3.78+b559734490
	   |-- fabric-sound-api-v1 1.0.23+6573ed8c90
	   |-- fabric-transfer-api-v1 5.1.12+b559734490
	   \-- fabric-transitive-access-wideners-v1 6.0.12+6573ed8c90
	- fabricloader 0.15.11
	   \-- mixinextras 0.3.5
	- java 21
	- minecraft 1.21
[17:42:20] [main/INFO]: SpongePowered MIXIN Subsystem Version=0.8.5 Source=file:/home/deck/.var/app/org.prismlauncher.PrismLauncher/data/PrismLauncher/libraries/net/fabricmc/sponge-mixin/0.13.3+mixin.0.8.5/sponge-mixin-0.13.3+mixin.0.8.5.jar Service=Knot/Fabric Env=CLIENT
[17:42:20] [main/INFO]: Compatibility level set to JAVA_17
[17:42:21] [main/INFO]: Initializing MixinExtras via com.llamalad7.mixinextras.service.MixinExtrasServiceImpl(version=0.3.5).
[17:42:24] [Datafixer Bootstrap/INFO]: 226 Datafixer optimizations took 750 milliseconds
[17:42:30] [Render thread/INFO]: Environment: Environment[sessionHost=https://sessionserver.mojang.com, servicesHost=https://api.minecraftservices.com, name=PROD]
[17:42:30] [Render thread/INFO]: Setting user: mTxServ_Blasto
[17:42:30] [Render thread/INFO]: [Indigo] Registering Indigo renderer!
[17:42:31] [Render thread/INFO]: Backend library: LWJGL version 3.3.3-snapshot
[17:42:32] [Render thread/ERROR]: Error while loading the narrator
com.mojang.text2speech.Narrator$InitializeException: Failed to load library flite
	at com.mojang.text2speech.NarratorLinux$FliteLibrary.loadNative(NarratorLinux.java:69) ~[text2speech-1.17.9.jar:?]
	at com.mojang.text2speech.NarratorLinux.<init>(NarratorLinux.java:18) ~[text2speech-1.17.9.jar:?]
	at com.mojang.text2speech.Narrator.getNarrator(Narrator.java:41) [text2speech-1.17.9.jar:?]
	at net.minecraft.class_333.<init>(class_333.java:19) [client-intermediary.jar:?]
	at net.minecraft.class_310.<init>(class_310.java:675) [client-intermediary.jar:?]
	at net.minecraft.client.main.Main.main(Main.java:239) [client-intermediary.jar:?]
	at net.fabricmc.loader.impl.game.minecraft.MinecraftGameProvider.launch(MinecraftGameProvider.java:470) [fabric-loader-0.15.11.jar:?]
	at net.fabricmc.loader.impl.launch.knot.Knot.launch(Knot.java:74) [fabric-loader-0.15.11.jar:?]
	at net.fabricmc.loader.impl.launch.knot.KnotClient.main(KnotClient.java:23) [fabric-loader-0.15.11.jar:?]
	at org.prismlauncher.launcher.impl.StandardLauncher.launch(StandardLauncher.java:100) [NewLaunch.jar:?]
	at org.prismlauncher.EntryPoint.listen(EntryPoint.java:129) [NewLaunch.jar:?]
	at org.prismlauncher.EntryPoint.main(EntryPoint.java:70) [NewLaunch.jar:?]
Caused by: java.lang.UnsatisfiedLinkError: Unable to load library 'flite':
libflite.so: cannot open shared object file: No such file or directory
libflite.so: cannot open shared object file: No such file or directory
Native library (linux-x86-64/libflite.so) not found in resource path (/app/share/PrismLauncher/NewLaunch.jar:/home/deck/.var/app/org.prismlauncher.PrismLauncher/data/PrismLauncher/libraries/org/lwjgl/lwjgl-freetype-natives-linux/3.3.3/lwjgl-freetype-natives-linux-3.3.3.jar:/home/deck/.var/app/org.prismlauncher.PrismLauncher/data/PrismLauncher/libraries/org/lwjgl/lwjgl-freetype/3.3.3/lwjgl-freetype-3.3.3.jar:/home/deck/.var/app/org.prismlauncher.PrismLauncher/data/PrismLauncher/libraries/org/lwjgl/lwjgl-glfw-natives-linux/3.3.3/lwjgl-glfw-natives-linux-3.3.3.jar:/home/deck/.var/app/org.prismlauncher.PrismLauncher/data/PrismLauncher/libraries/org/lwjgl/lwjgl-glfw/3.3.3/lwjgl-glfw-3.3.3.jar:/home/deck/.var/app/org.prismlauncher.PrismLauncher/data/PrismLauncher/libraries/org/lwjgl/lwjgl-jemalloc-natives-linux/3.3.3/lwjgl-jemalloc-natives-linux-3.3.3.jar:/home/deck/.var/app/org.prismlauncher.PrismLauncher/data/PrismLauncher/libraries/org/lwjgl/lwjgl-jemalloc/3.3.3/lwjgl-jemalloc-3.3.3.jar:/home/deck/.var/app/org.prismlauncher.PrismLauncher/data/PrismLauncher/libraries/org/lwjgl/lwjgl-natives-linux/3.3.3/lwjgl-natives-linux-3.3.3.jar:/home/deck/.var/app/org.prismlauncher.PrismLauncher/data/PrismLauncher/libraries/org/lwjgl/lwjgl-openal-natives-linux/3.3.3/lwjgl-openal-natives-linux-3.3.3.jar:/home/deck/.var/app/org.prismlauncher.PrismLauncher/data/PrismLauncher/libraries/org/lwjgl/lwjgl-openal/3.3.3/lwjgl-openal-3.3.3.jar:/home/deck/.var/app/org.prismlauncher.PrismLauncher/data/PrismLauncher/libraries/org/lwjgl/lwjgl-opengl-natives-linux/3.3.3/lwjgl-opengl-natives-linux-3.3.3.jar:/home/deck/.var/app/org.prismlauncher.PrismLauncher/data/PrismLauncher/libraries/org/lwjgl/lwjgl-opengl/3.3.3/lwjgl-opengl-3.3.3.jar:/home/deck/.var/app/org.prismlauncher.PrismLauncher/data/PrismLauncher/libraries/org/lwjgl/lwjgl-stb-natives-linux/3.3.3/lwjgl-stb-natives-linux-3.3.3.jar:/home/deck/.var/app/org.prismlauncher.PrismLauncher/data/PrismLauncher/libraries/org/lwjgl/lwjgl-stb/3.3.3/lwjgl-stb-3.3.3.jar:/home/deck/.var/app/org.prismlauncher.PrismLauncher/data/PrismLauncher/libraries/org/lwjgl/lwjgl-tinyfd-natives-linux/3.3.3/lwjgl-tinyfd-natives-linux-3.3.3.jar:/home/deck/.var/app/org.prismlauncher.PrismLauncher/data/PrismLauncher/libraries/org/lwjgl/lwjgl-tinyfd/3.3.3/lwjgl-tinyfd-3.3.3.jar:/home/deck/.var/app/org.prismlauncher.PrismLauncher/data/PrismLauncher/libraries/org/lwjgl/lwjgl/3.3.3/lwjgl-3.3.3.jar:/home/deck/.var/app/org.prismlauncher.PrismLauncher/data/PrismLauncher/libraries/com/github/oshi/oshi-core/6.4.10/oshi-core-6.4.10.jar:/home/deck/.var/app/org.prismlauncher.PrismLauncher/data/PrismLauncher/libraries/com/google/code/gson/gson/2.10.1/gson-2.10.1.jar:/home/deck/.var/app/org.prismlauncher.PrismLauncher/data/PrismLauncher/libraries/com/google/guava/failureaccess/1.0.1/failureaccess-1.0.1.jar:/home/deck/.var/app/org.prismlauncher.PrismLauncher/data/PrismLauncher/libraries/com/google/guava/guava/32.1.2-jre/guava-32.1.2-jre.jar:/home/deck/.var/app/org.prismlauncher.PrismLauncher/data/PrismLauncher/libraries/com/ibm/icu/icu4j/73.2/icu4j-73.2.jar:/home/deck/.var/app/org.prismlauncher.PrismLauncher/data/PrismLauncher/libraries/com/mojang/authlib/6.0.54/authlib-6.0.54.jar:/home/deck/.var/app/org.prismlauncher.PrismLauncher/data/PrismLauncher/libraries/com/mojang/blocklist/1.0.10/blocklist-1.0.10.jar:/home/deck/.var/app/org.prismlauncher.PrismLauncher/data/PrismLauncher/libraries/com/mojang/brigadier/1.2.9/brigadier-1.2.9.jar:/home/deck/.var/app/org.prismlauncher.PrismLauncher/data/PrismLauncher/libraries/com/mojang/datafixerupper/8.0.16/datafixerupper-8.0.16.jar:/home/deck/.var/app/org.prismlauncher.PrismLauncher/data/PrismLauncher/libraries/com/mojang/logging/1.2.7/logging-1.2.7.jar:/home/deck/.var/app/org.prismlauncher.PrismLauncher/data/PrismLauncher/libraries/com/mojang/patchy/2.2.10/patchy-2.2.10.jar:/home/deck/.var/app/org.prismlauncher.PrismLauncher/data/PrismLauncher/libraries/com/mojang/text2speech/1.17.9/text2speech-1.17.9.jar:/home/deck/.var/app/org.prismlauncher.PrismLauncher/data/PrismLauncher/libraries/commons-codec/commons-codec/1.16.0/commons-codec-1.16.0.jar:/home/deck/.var/app/org.prismlauncher.PrismLauncher/data/PrismLauncher/libraries/commons-io/commons-io/2.15.1/commons-io-2.15.1.jar:/home/deck/.var/app/org.prismlauncher.PrismLauncher/data/PrismLauncher/libraries/commons-logging/commons-logging/1.2/commons-logging-1.2.jar:/home/deck/.var/app/org.prismlauncher.PrismLauncher/data/PrismLauncher/libraries/io/netty/netty-buffer/4.1.97.Final/netty-buffer-4.1.97.Final.jar:/home/deck/.var/app/org.prismlauncher.PrismLauncher/data/PrismLauncher/libraries/io/netty/netty-codec/4.1.97.Final/netty-codec-4.1.97.Final.jar:/home/deck/.var/app/org.prismlauncher.PrismLauncher/data/PrismLauncher/libraries/io/netty/netty-common/4.1.97.Final/netty-common-4.1.97.Final.jar:/home/deck/.var/app/org.prismlauncher.PrismLauncher/data/PrismLauncher/libraries/io/netty/netty-handler/4.1.97.Final/netty-handler-4.1.97.Final.jar:/home/deck/.var/app/org.prismlauncher.PrismLauncher/data/PrismLauncher/libraries/io/netty/netty-resolver/4.1.97.Final/netty-resolver-4.1.97.Final.jar:/home/deck/.var/app/org.prismlauncher.PrismLauncher/data/PrismLauncher/libraries/io/netty/netty-transport-classes-epoll/4.1.97.Final/netty-transport-classes-epoll-4.1.97.Final.jar:/home/deck/.var/app/org.prismlauncher.PrismLauncher/data/PrismLauncher/libraries/io/netty/netty-transport-native-epoll/4.1.97.Final/netty-transport-native-epoll-4.1.97.Final-linux-aarch_64.jar:/home/deck/.var/app/org.prismlauncher.PrismLauncher/data/PrismLauncher/libraries/io/netty/netty-transport-native-epoll/4.1.97.Final/netty-transport-native-epoll-4.1.97.Final-linux-x86_64.jar:/home/deck/.var/app/org.prismlauncher.PrismLauncher/data/PrismLauncher/libraries/io/netty/netty-transport-native-unix-common/4.1.97.Final/netty-transport-native-unix-common-4.1.97.Final.jar:/home/deck/.var/app/org.prismlauncher.PrismLauncher/data/PrismLauncher/libraries/io/netty/netty-transport/4.1.97.Final/netty-transport-4.1.97.Final.jar:/home/deck/.var/app/org.prismlauncher.PrismLauncher/data/PrismLauncher/libraries/it/unimi/dsi/fastutil/8.5.12/fastutil-8.5.12.jar:/home/deck/.var/app/org.prismlauncher.PrismLauncher/data/PrismLauncher/libraries/net/java/dev/jna/jna-platform/5.14.0/jna-platform-5.14.0.jar:/home/deck/.var/app/org.prismlauncher.PrismLauncher/data/PrismLauncher/libraries/net/java/dev/jna/jna/5.14.0/jna-5.14.0.jar:/home/deck/.var/app/org.prismlauncher.PrismLauncher/data/PrismLauncher/libraries/net/sf/jopt-simple/jopt-simple/5.0.4/jopt-simple-5.0.4.jar:/home/deck/.var/app/org.prismlauncher.PrismLauncher/data/PrismLauncher/libraries/org/apache/commons/commons-compress/1.26.0/commons-compress-1.26.0.jar:/home/deck/.var/app/org.prismlauncher.PrismLauncher/data/PrismLauncher/libraries/org/apache/commons/commons-lang3/3.14.0/commons-lang3-3.14.0.jar:/home/deck/.var/app/org.prismlauncher.PrismLauncher/data/PrismLauncher/libraries/org/apache/httpcomponents/httpclient/4.5.13/httpclient-4.5.13.jar:/home/deck/.var/app/org.prismlauncher.PrismLauncher/data/PrismLauncher/libraries/org/apache/httpcomponents/httpcore/4.4.16/httpcore-4.4.16.jar:/home/deck/.var/app/org.prismlauncher.PrismLauncher/data/PrismLauncher/libraries/org/apache/logging/log4j/log4j-api/2.22.1/log4j-api-2.22.1.jar:/home/deck/.var/app/org.prismlauncher.PrismLauncher/data/PrismLauncher/libraries/org/apache/logging/log4j/log4j-core/2.22.1/log4j-core-2.22.1.jar:/home/deck/.var/app/org.prismlauncher.PrismLauncher/data/PrismLauncher/libraries/org/apache/logging/log4j/log4j-slf4j2-impl/2.22.1/log4j-slf4j2-impl-2.22.1.jar:/home/deck/.var/app/org.prismlauncher.PrismLauncher/data/PrismLauncher/libraries/org/jcraft/jorbis/0.0.17/jorbis-0.0.17.jar:/home/deck/.var/app/org.prismlauncher.PrismLauncher/data/PrismLauncher/libraries/org/joml/joml/1.10.5/joml-1.10.5.jar:/home/deck/.var/app/org.prismlauncher.PrismLauncher/data/PrismLauncher/libraries/org/lz4/lz4-java/1.8.0/lz4-java-1.8.0.jar:/home/deck/.var/app/org.prismlauncher.PrismLauncher/data/PrismLauncher/libraries/org/slf4j/slf4j-api/2.0.9/slf4j-api-2.0.9.jar:/home/deck/.var/app/org.prismlauncher.PrismLauncher/data/PrismLauncher/libraries/net/fabricmc/intermediary/1.21/intermediary-1.21.jar:/home/deck/.var/app/org.prismlauncher.PrismLauncher/data/PrismLauncher/libraries/org/ow2/asm/asm/9.6/asm-9.6.jar:/home/deck/.var/app/org.prismlauncher.PrismLauncher/data/PrismLauncher/libraries/org/ow2/asm/asm-analysis/9.6/asm-analysis-9.6.jar:/home/deck/.var/app/org.prismlauncher.PrismLauncher/data/PrismLauncher/libraries/org/ow2/asm/asm-commons/9.6/asm-commons-9.6.jar:/home/deck/.var/app/org.prismlauncher.PrismLauncher/data/PrismLauncher/libraries/org/ow2/asm/asm-tree/9.6/asm-tree-9.6.jar:/home/deck/.var/app/org.prismlauncher.PrismLauncher/data/PrismLauncher/libraries/org/ow2/asm/asm-util/9.6/asm-util-9.6.jar:/home/deck/.var/app/org.prismlauncher.PrismLauncher/data/PrismLauncher/libraries/net/fabricmc/sponge-mixin/0.13.3+mixin.0.8.5/sponge-mixin-0.13.3+mixin.0.8.5.jar:/home/deck/.var/app/org.prismlauncher.PrismLauncher/data/PrismLauncher/libraries/net/fabricmc/fabric-loader/0.15.11/fabric-loader-0.15.11.jar:/home/deck/.var/app/org.prismlauncher.PrismLauncher/data/PrismLauncher/libraries/com/mojang/minecraft/1.21/minecraft-1.21-client.jar)
	at com.sun.jna.NativeLibrary.loadLibrary(NativeLibrary.java:325) ~[jna-5.14.0.jar:?]
	at com.sun.jna.NativeLibrary.getInstance(NativeLibrary.java:481) ~[jna-5.14.0.jar:?]
	at com.sun.jna.NativeLibrary.getInstance(NativeLibrary.java:423) ~[jna-5.14.0.jar:?]
	at com.mojang.text2speech.NarratorLinux$FliteLibrary.loadNative(NarratorLinux.java:67) ~[text2speech-1.17.9.jar:?]
	... 11 more
	Suppressed: java.lang.UnsatisfiedLinkError: libflite.so: cannot open shared object file: No such file or directory
		at com.sun.jna.Native.open(Native Method) ~[jna-5.14.0.jar:?]
		at com.sun.jna.NativeLibrary.loadLibrary(NativeLibrary.java:213) ~[jna-5.14.0.jar:?]
		at com.sun.jna.NativeLibrary.getInstance(NativeLibrary.java:481) ~[jna-5.14.0.jar:?]
		at com.sun.jna.NativeLibrary.getInstance(NativeLibrary.java:423) ~[jna-5.14.0.jar:?]
		at com.mojang.text2speech.NarratorLinux$FliteLibrary.loadNative(NarratorLinux.java:67) ~[text2speech-1.17.9.jar:?]
		at com.mojang.text2speech.NarratorLinux.<init>(NarratorLinux.java:18) ~[text2speech-1.17.9.jar:?]
		at com.mojang.text2speech.Narrator.getNarrator(Narrator.java:41) [text2speech-1.17.9.jar:?]
		at net.minecraft.class_333.<init>(class_333.java:19) [client-intermediary.jar:?]
		at net.minecraft.class_310.<init>(class_310.java:675) [client-intermediary.jar:?]
		at net.minecraft.client.main.Main.main(Main.java:239) [client-intermediary.jar:?]
		at net.fabricmc.loader.impl.game.minecraft.MinecraftGameProvider.launch(MinecraftGameProvider.java:470) [fabric-loader-0.15.11.jar:?]
		at net.fabricmc.loader.impl.launch.knot.Knot.launch(Knot.java:74) [fabric-loader-0.15.11.jar:?]
		at net.fabricmc.loader.impl.launch.knot.KnotClient.main(KnotClient.java:23) [fabric-loader-0.15.11.jar:?]
		at org.prismlauncher.launcher.impl.StandardLauncher.launch(StandardLauncher.java:100) [NewLaunch.jar:?]
		at org.prismlauncher.EntryPoint.listen(EntryPoint.java:129) [NewLaunch.jar:?]
		at org.prismlauncher.EntryPoint.main(EntryPoint.java:70) [NewLaunch.jar:?]
	Suppressed: java.lang.UnsatisfiedLinkError: libflite.so: cannot open shared object file: No such file or directory
		at com.sun.jna.Native.open(Native Method) ~[jna-5.14.0.jar:?]
		at com.sun.jna.NativeLibrary.loadLibrary(NativeLibrary.java:226) ~[jna-5.14.0.jar:?]
		at com.sun.jna.NativeLibrary.getInstance(NativeLibrary.java:481) ~[jna-5.14.0.jar:?]
		at com.sun.jna.NativeLibrary.getInstance(NativeLibrary.java:423) ~[jna-5.14.0.jar:?]
		at com.mojang.text2speech.NarratorLinux$FliteLibrary.loadNative(NarratorLinux.java:67) ~[text2speech-1.17.9.jar:?]
		at com.mojang.text2speech.NarratorLinux.<init>(NarratorLinux.java:18) ~[text2speech-1.17.9.jar:?]
		at com.mojang.text2speech.Narrator.getNarrator(Narrator.java:41) [text2speech-1.17.9.jar:?]
		at net.minecraft.class_333.<init>(class_333.java:19) [client-intermediary.jar:?]
		at net.minecraft.class_310.<init>(class_310.java:675) [client-intermediary.jar:?]
		at net.minecraft.client.main.Main.main(Main.java:239) [client-intermediary.jar:?]
		at net.fabricmc.loader.impl.game.minecraft.MinecraftGameProvider.launch(MinecraftGameProvider.java:470) [fabric-loader-0.15.11.jar:?]
		at net.fabricmc.loader.impl.launch.knot.Knot.launch(Knot.java:74) [fabric-loader-0.15.11.jar:?]
		at net.fabricmc.loader.impl.launch.knot.KnotClient.main(KnotClient.java:23) [fabric-loader-0.15.11.jar:?]
		at org.prismlauncher.launcher.impl.StandardLauncher.launch(StandardLauncher.java:100) [NewLaunch.jar:?]
		at org.prismlauncher.EntryPoint.listen(EntryPoint.java:129) [NewLaunch.jar:?]
		at org.prismlauncher.EntryPoint.main(EntryPoint.java:70) [NewLaunch.jar:?]
	Suppressed: java.io.IOException: Native library (linux-x86-64/libflite.so) not found in resource path (/app/share/PrismLauncher/NewLaunch.jar:/home/deck/.var/app/org.prismlauncher.PrismLauncher/data/PrismLauncher/libraries/org/lwjgl/lwjgl-freetype-natives-linux/3.3.3/lwjgl-freetype-natives-linux-3.3.3.jar:/home/deck/.var/app/org.prismlauncher.PrismLauncher/data/PrismLauncher/libraries/org/lwjgl/lwjgl-freetype/3.3.3/lwjgl-freetype-3.3.3.jar:/home/deck/.var/app/org.prismlauncher.PrismLauncher/data/PrismLauncher/libraries/org/lwjgl/lwjgl-glfw-natives-linux/3.3.3/lwjgl-glfw-natives-linux-3.3.3.jar:/home/deck/.var/app/org.prismlauncher.PrismLauncher/data/PrismLauncher/libraries/org/lwjgl/lwjgl-glfw/3.3.3/lwjgl-glfw-3.3.3.jar:/home/deck/.var/app/org.prismlauncher.PrismLauncher/data/PrismLauncher/libraries/org/lwjgl/lwjgl-jemalloc-natives-linux/3.3.3/lwjgl-jemalloc-natives-linux-3.3.3.jar:/home/deck/.var/app/org.prismlauncher.PrismLauncher/data/PrismLauncher/libraries/org/lwjgl/lwjgl-jemalloc/3.3.3/lwjgl-jemalloc-3.3.3.jar:/home/deck/.var/app/org.prismlauncher.PrismLauncher/data/PrismLauncher/libraries/org/lwjgl/lwjgl-natives-linux/3.3.3/lwjgl-natives-linux-3.3.3.jar:/home/deck/.var/app/org.prismlauncher.PrismLauncher/data/PrismLauncher/libraries/org/lwjgl/lwjgl-openal-natives-linux/3.3.3/lwjgl-openal-natives-linux-3.3.3.jar:/home/deck/.var/app/org.prismlauncher.PrismLauncher/data/PrismLauncher/libraries/org/lwjgl/lwjgl-openal/3.3.3/lwjgl-openal-3.3.3.jar:/home/deck/.var/app/org.prismlauncher.PrismLauncher/data/PrismLauncher/libraries/org/lwjgl/lwjgl-opengl-natives-linux/3.3.3/lwjgl-opengl-natives-linux-3.3.3.jar:/home/deck/.var/app/org.prismlauncher.PrismLauncher/data/PrismLauncher/libraries/org/lwjgl/lwjgl-opengl/3.3.3/lwjgl-opengl-3.3.3.jar:/home/deck/.var/app/org.prismlauncher.PrismLauncher/data/PrismLauncher/libraries/org/lwjgl/lwjgl-stb-natives-linux/3.3.3/lwjgl-stb-natives-linux-3.3.3.jar:/home/deck/.var/app/org.prismlauncher.PrismLauncher/data/PrismLauncher/libraries/org/lwjgl/lwjgl-stb/3.3.3/lwjgl-stb-3.3.3.jar:/home/deck/.var/app/org.prismlauncher.PrismLauncher/data/PrismLauncher/libraries/org/lwjgl/lwjgl-tinyfd-natives-linux/3.3.3/lwjgl-tinyfd-natives-linux-3.3.3.jar:/home/deck/.var/app/org.prismlauncher.PrismLauncher/data/PrismLauncher/libraries/org/lwjgl/lwjgl-tinyfd/3.3.3/lwjgl-tinyfd-3.3.3.jar:/home/deck/.var/app/org.prismlauncher.PrismLauncher/data/PrismLauncher/libraries/org/lwjgl/lwjgl/3.3.3/lwjgl-3.3.3.jar:/home/deck/.var/app/org.prismlauncher.PrismLauncher/data/PrismLauncher/libraries/com/github/oshi/oshi-core/6.4.10/oshi-core-6.4.10.jar:/home/deck/.var/app/org.prismlauncher.PrismLauncher/data/PrismLauncher/libraries/com/google/code/gson/gson/2.10.1/gson-2.10.1.jar:/home/deck/.var/app/org.prismlauncher.PrismLauncher/data/PrismLauncher/libraries/com/google/guava/failureaccess/1.0.1/failureaccess-1.0.1.jar:/home/deck/.var/app/org.prismlauncher.PrismLauncher/data/PrismLauncher/libraries/com/google/guava/guava/32.1.2-jre/guava-32.1.2-jre.jar:/home/deck/.var/app/org.prismlauncher.PrismLauncher/data/PrismLauncher/libraries/com/ibm/icu/icu4j/73.2/icu4j-73.2.jar:/home/deck/.var/app/org.prismlauncher.PrismLauncher/data/PrismLauncher/libraries/com/mojang/authlib/6.0.54/authlib-6.0.54.jar:/home/deck/.var/app/org.prismlauncher.PrismLauncher/data/PrismLauncher/libraries/com/mojang/blocklist/1.0.10/blocklist-1.0.10.jar:/home/deck/.var/app/org.prismlauncher.PrismLauncher/data/PrismLauncher/libraries/com/mojang/brigadier/1.2.9/brigadier-1.2.9.jar:/home/deck/.var/app/org.prismlauncher.PrismLauncher/data/PrismLauncher/libraries/com/mojang/datafixerupper/8.0.16/datafixerupper-8.0.16.jar:/home/deck/.var/app/org.prismlauncher.PrismLauncher/data/PrismLauncher/libraries/com/mojang/logging/1.2.7/logging-1.2.7.jar:/home/deck/.var/app/org.prismlauncher.PrismLauncher/data/PrismLauncher/libraries/com/mojang/patchy/2.2.10/patchy-2.2.10.jar:/home/deck/.var/app/org.prismlauncher.PrismLauncher/data/PrismLauncher/libraries/com/mojang/text2speech/1.17.9/text2speech-1.17.9.jar:/home/deck/.var/app/org.prismlauncher.PrismLauncher/data/PrismLauncher/libraries/commons-codec/commons-codec/1.16.0/commons-codec-1.16.0.jar:/home/deck/.var/app/org.prismlauncher.PrismLauncher/data/PrismLauncher/libraries/commons-io/commons-io/2.15.1/commons-io-2.15.1.jar:/home/deck/.var/app/org.prismlauncher.PrismLauncher/data/PrismLauncher/libraries/commons-logging/commons-logging/1.2/commons-logging-1.2.jar:/home/deck/.var/app/org.prismlauncher.PrismLauncher/data/PrismLauncher/libraries/io/netty/netty-buffer/4.1.97.Final/netty-buffer-4.1.97.Final.jar:/home/deck/.var/app/org.prismlauncher.PrismLauncher/data/PrismLauncher/libraries/io/netty/netty-codec/4.1.97.Final/netty-codec-4.1.97.Final.jar:/home/deck/.var/app/org.prismlauncher.PrismLauncher/data/PrismLauncher/libraries/io/netty/netty-common/4.1.97.Final/netty-common-4.1.97.Final.jar:/home/deck/.var/app/org.prismlauncher.PrismLauncher/data/PrismLauncher/libraries/io/netty/netty-handler/4.1.97.Final/netty-handler-4.1.97.Final.jar:/home/deck/.var/app/org.prismlauncher.PrismLauncher/data/PrismLauncher/libraries/io/netty/netty-resolver/4.1.97.Final/netty-resolver-4.1.97.Final.jar:/home/deck/.var/app/org.prismlauncher.PrismLauncher/data/PrismLauncher/libraries/io/netty/netty-transport-classes-epoll/4.1.97.Final/netty-transport-classes-epoll-4.1.97.Final.jar:/home/deck/.var/app/org.prismlauncher.PrismLauncher/data/PrismLauncher/libraries/io/netty/netty-transport-native-epoll/4.1.97.Final/netty-transport-native-epoll-4.1.97.Final-linux-aarch_64.jar:/home/deck/.var/app/org.prismlauncher.PrismLauncher/data/PrismLauncher/libraries/io/netty/netty-transport-native-epoll/4.1.97.Final/netty-transport-native-epoll-4.1.97.Final-linux-x86_64.jar:/home/deck/.var/app/org.prismlauncher.PrismLauncher/data/PrismLauncher/libraries/io/netty/netty-transport-native-unix-common/4.1.97.Final/netty-transport-native-unix-common-4.1.97.Final.jar:/home/deck/.var/app/org.prismlauncher.PrismLauncher/data/PrismLauncher/libraries/io/netty/netty-transport/4.1.97.Final/netty-transport-4.1.97.Final.jar:/home/deck/.var/app/org.prismlauncher.PrismLauncher/data/PrismLauncher/libraries/it/unimi/dsi/fastutil/8.5.12/fastutil-8.5.12.jar:/home/deck/.var/app/org.prismlauncher.PrismLauncher/data/PrismLauncher/libraries/net/java/dev/jna/jna-platform/5.14.0/jna-platform-5.14.0.jar:/home/deck/.var/app/org.prismlauncher.PrismLauncher/data/PrismLauncher/libraries/net/java/dev/jna/jna/5.14.0/jna-5.14.0.jar:/home/deck/.var/app/org.prismlauncher.PrismLauncher/data/PrismLauncher/libraries/net/sf/jopt-simple/jopt-simple/5.0.4/jopt-simple-5.0.4.jar:/home/deck/.var/app/org.prismlauncher.PrismLauncher/data/PrismLauncher/libraries/org/apache/commons/commons-compress/1.26.0/commons-compress-1.26.0.jar:/home/deck/.var/app/org.prismlauncher.PrismLauncher/data/PrismLauncher/libraries/org/apache/commons/commons-lang3/3.14.0/commons-lang3-3.14.0.jar:/home/deck/.var/app/org.prismlauncher.PrismLauncher/data/PrismLauncher/libraries/org/apache/httpcomponents/httpclient/4.5.13/httpclient-4.5.13.jar:/home/deck/.var/app/org.prismlauncher.PrismLauncher/data/PrismLauncher/libraries/org/apache/httpcomponents/httpcore/4.4.16/httpcore-4.4.16.jar:/home/deck/.var/app/org.prismlauncher.PrismLauncher/data/PrismLauncher/libraries/org/apache/logging/log4j/log4j-api/2.22.1/log4j-api-2.22.1.jar:/home/deck/.var/app/org.prismlauncher.PrismLauncher/data/PrismLauncher/libraries/org/apache/logging/log4j/log4j-core/2.22.1/log4j-core-2.22.1.jar:/home/deck/.var/app/org.prismlauncher.PrismLauncher/data/PrismLauncher/libraries/org/apache/logging/log4j/log4j-slf4j2-impl/2.22.1/log4j-slf4j2-impl-2.22.1.jar:/home/deck/.var/app/org.prismlauncher.PrismLauncher/data/PrismLauncher/libraries/org/jcraft/jorbis/0.0.17/jorbis-0.0.17.jar:/home/deck/.var/app/org.prismlauncher.PrismLauncher/data/PrismLauncher/libraries/org/joml/joml/1.10.5/joml-1.10.5.jar:/home/deck/.var/app/org.prismlauncher.PrismLauncher/data/PrismLauncher/libraries/org/lz4/lz4-java/1.8.0/lz4-java-1.8.0.jar:/home/deck/.var/app/org.prismlauncher.PrismLauncher/data/PrismLauncher/libraries/org/slf4j/slf4j-api/2.0.9/slf4j-api-2.0.9.jar:/home/deck/.var/app/org.prismlauncher.PrismLauncher/data/PrismLauncher/libraries/net/fabricmc/intermediary/1.21/intermediary-1.21.jar:/home/deck/.var/app/org.prismlauncher.PrismLauncher/data/PrismLauncher/libraries/org/ow2/asm/asm/9.6/asm-9.6.jar:/home/deck/.var/app/org.prismlauncher.PrismLauncher/data/PrismLauncher/libraries/org/ow2/asm/asm-analysis/9.6/asm-analysis-9.6.jar:/home/deck/.var/app/org.prismlauncher.PrismLauncher/data/PrismLauncher/libraries/org/ow2/asm/asm-commons/9.6/asm-commons-9.6.jar:/home/deck/.var/app/org.prismlauncher.PrismLauncher/data/PrismLauncher/libraries/org/ow2/asm/asm-tree/9.6/asm-tree-9.6.jar:/home/deck/.var/app/org.prismlauncher.PrismLauncher/data/PrismLauncher/libraries/org/ow2/asm/asm-util/9.6/asm-util-9.6.jar:/home/deck/.var/app/org.prismlauncher.PrismLauncher/data/PrismLauncher/libraries/net/fabricmc/sponge-mixin/0.13.3+mixin.0.8.5/sponge-mixin-0.13.3+mixin.0.8.5.jar:/home/deck/.var/app/org.prismlauncher.PrismLauncher/data/PrismLauncher/libraries/net/fabricmc/fabric-loader/0.15.11/fabric-loader-0.15.11.jar:/home/deck/.var/app/org.prismlauncher.PrismLauncher/data/PrismLauncher/libraries/com/mojang/minecraft/1.21/minecraft-1.21-client.jar)
		at com.sun.jna.Native.extractFromResourcePath(Native.java:1141) ~[jna-5.14.0.jar:?]
		at com.sun.jna.NativeLibrary.loadLibrary(NativeLibrary.java:297) ~[jna-5.14.0.jar:?]
		at com.sun.jna.NativeLibrary.getInstance(NativeLibrary.java:481) ~[jna-5.14.0.jar:?]
		at com.sun.jna.NativeLibrary.getInstance(NativeLibrary.java:423) ~[jna-5.14.0.jar:?]
		at com.mojang.text2speech.NarratorLinux$FliteLibrary.loadNative(NarratorLinux.java:67) ~[text2speech-1.17.9.jar:?]
		at com.mojang.text2speech.NarratorLinux.<init>(NarratorLinux.java:18) ~[text2speech-1.17.9.jar:?]
		at com.mojang.text2speech.Narrator.getNarrator(Narrator.java:41) [text2speech-1.17.9.jar:?]
		at net.minecraft.class_333.<init>(class_333.java:19) [client-intermediary.jar:?]
		at net.minecraft.class_310.<init>(class_310.java:675) [client-intermediary.jar:?]
		at net.minecraft.client.main.Main.main(Main.java:239) [client-intermediary.jar:?]
		at net.fabricmc.loader.impl.game.minecraft.MinecraftGameProvider.launch(MinecraftGameProvider.java:470) [fabric-loader-0.15.11.jar:?]
		at net.fabricmc.loader.impl.launch.knot.Knot.launch(Knot.java:74) [fabric-loader-0.15.11.jar:?]
		at net.fabricmc.loader.impl.launch.knot.KnotClient.main(KnotClient.java:23) [fabric-loader-0.15.11.jar:?]
		at org.prismlauncher.launcher.impl.StandardLauncher.launch(StandardLauncher.java:100) [NewLaunch.jar:?]
		at org.prismlauncher.EntryPoint.listen(EntryPoint.java:129) [NewLaunch.jar:?]
		at org.prismlauncher.EntryPoint.main(EntryPoint.java:70) [NewLaunch.jar:?]
[17:42:32] [Render thread/INFO]: Reloading ResourceManager: vanilla, fabric, fabric-api, fabric-api-base, fabric-api-lookup-api-v1, fabric-biome-api-v1, fabric-block-api-v1, fabric-block-view-api-v2, fabric-blockrenderlayer-v1, fabric-client-tags-api-v1, fabric-command-api-v1, fabric-command-api-v2, fabric-commands-v0, fabric-content-registries-v0, fabric-convention-tags-v1, fabric-convention-tags-v2, fabric-crash-report-info-v1, fabric-data-attachment-api-v1, fabric-data-generation-api-v1, fabric-dimensions-v1, fabric-entity-events-v1, fabric-events-interaction-v0, fabric-game-rule-api-v1, fabric-item-api-v1, fabric-item-group-api-v1, fabric-key-binding-api-v1, fabric-keybindings-v0, fabric-lifecycle-events-v1, fabric-loot-api-v2, fabric-message-api-v1, fabric-model-loading-api-v1, fabric-networking-api-v1, fabric-object-builder-api-v1, fabric-particles-v1, fabric-recipe-api-v1, fabric-registry-sync-v0, fabric-renderer-api-v1, fabric-renderer-indigo, fabric-renderer-registries-v1, fabric-rendering-data-attachment-v1, fabric-rendering-fluids-v1, fabric-rendering-v0, fabric-rendering-v1, fabric-resource-conditions-api-v1, fabric-resource-loader-v0, fabric-screen-api-v1, fabric-screen-handler-api-v1, fabric-sound-api-v1, fabric-transfer-api-v1, fabric-transitive-access-wideners-v1, fabricloader
[17:42:32] [Worker-Main-6/INFO]: Found unifont_all_no_pua-15.1.05.hex, loading
[17:42:32] [Worker-Main-7/INFO]: Found unifont_jp_patch-15.1.05.hex, loading
[17:42:34] [Render thread/WARN]: Missing sound for event: minecraft:item.goat_horn.play
[17:42:34] [Render thread/WARN]: Missing sound for event: minecraft:entity.goat.screaming.horn_break
[17:42:34] [Render thread/INFO]: OpenAL initialized on device Rembrandt Radeon High Definition Audio Controller Digital Stereo (HDMI 3)
[17:42:34] [Render thread/INFO]: Sound engine started
[17:42:34] [Render thread/INFO]: Created: 1024x512x4 minecraft:textures/atlas/blocks.png-atlas
[17:42:34] [Render thread/INFO]: Created: 256x256x4 minecraft:textures/atlas/signs.png-atlas
[17:42:34] [Render thread/INFO]: Created: 512x512x4 minecraft:textures/atlas/shield_patterns.png-atlas
[17:42:34] [Render thread/INFO]: Created: 512x512x4 minecraft:textures/atlas/banner_patterns.png-atlas
[17:42:34] [Render thread/INFO]: Created: 1024x1024x4 minecraft:textures/atlas/armor_trims.png-atlas
[17:42:34] [Render thread/INFO]: Created: 128x64x4 minecraft:textures/atlas/decorated_pot.png-atlas
[17:42:34] [Render thread/INFO]: Created: 256x256x4 minecraft:textures/atlas/chest.png-atlas
[17:42:34] [Render thread/INFO]: Created: 512x256x4 minecraft:textures/atlas/beds.png-atlas
[17:42:34] [Render thread/INFO]: Created: 512x256x4 minecraft:textures/atlas/shulker_boxes.png-atlas
[17:42:34] [Render thread/INFO]: Created: 512x256x0 minecraft:textures/atlas/particles.png-atlas
[17:42:34] [Render thread/INFO]: Created: 512x256x0 minecraft:textures/atlas/paintings.png-atlas
[17:42:34] [Render thread/INFO]: Created: 256x128x0 minecraft:textures/atlas/mob_effects.png-atlas
[17:42:34] [Render thread/INFO]: Created: 64x64x0 minecraft:textures/atlas/map_decorations.png-atlas
[17:42:34] [Render thread/INFO]: Created: 1024x512x0 minecraft:textures/atlas/gui.png-atlas
[17:42:34] [Render thread/WARN]: Shader rendertype_entity_translucent_emissive could not find sampler named Sampler2 in the specified shader program.
[17:43:00] [Render thread/ERROR]: Error while loading the narrator
com.mojang.text2speech.Narrator$InitializeException: Failed to load library flite
	at com.mojang.text2speech.NarratorLinux$FliteLibrary.loadNative(NarratorLinux.java:69) ~[text2speech-1.17.9.jar:?]
	at com.mojang.text2speech.NarratorLinux.<init>(NarratorLinux.java:18) ~[text2speech-1.17.9.jar:?]
	at com.mojang.text2speech.Narrator.getNarrator(Narrator.java:41) ~[text2speech-1.17.9.jar:?]
	at net.minecraft.class_8032.method_53552(class_8032.java:106) ~[client-intermediary.jar:?]
	at net.minecraft.class_8032.method_25419(class_8032.java:95) ~[client-intermediary.jar:?]
	at net.minecraft.class_8032.method_48639(class_8032.java:66) ~[client-intermediary.jar:?]
	at net.minecraft.class_4185.method_25306(class_4185.java:96) ~[client-intermediary.jar:?]
	at net.minecraft.class_4264.method_25348(class_4264.java:48) ~[client-intermediary.jar:?]
	at net.minecraft.class_339.method_25402(class_339.java:141) ~[client-intermediary.jar:?]
	at net.minecraft.class_4069.method_25402(class_4069.java:38) ~[client-intermediary.jar:?]
	at net.minecraft.class_312.method_1611(class_312.java:107) ~[client-intermediary.jar:?]
	at net.minecraft.class_437.method_25412(class_437.java:431) ~[client-intermediary.jar:?]
	at net.minecraft.class_312.method_1601(class_312.java:107) ~[client-intermediary.jar:?]
	at net.minecraft.class_312.method_22686(class_312.java:196) ~[client-intermediary.jar:?]
	at net.minecraft.class_1255.execute(class_1255.java:108) ~[client-intermediary.jar:?]
	at net.minecraft.class_312.method_22684(class_312.java:196) ~[client-intermediary.jar:?]
	at org.lwjgl.glfw.GLFWMouseButtonCallbackI.callback(GLFWMouseButtonCallbackI.java:43) [lwjgl-glfw-3.3.3.jar:?]
	at org.lwjgl.system.JNI.invokeV(Native Method) ~[lwjgl-3.3.3.jar:?]
	at org.lwjgl.glfw.GLFW.glfwWaitEventsTimeout(GLFW.java:3509) [lwjgl-glfw-3.3.3.jar:?]
	at com.mojang.blaze3d.systems.RenderSystem.limitDisplayFPS(RenderSystem.java:184) [client-intermediary.jar:?]
	at net.minecraft.class_310.method_1523(class_310.java:1310) [client-intermediary.jar:?]
	at net.minecraft.class_310.method_1514(class_310.java:882) [client-intermediary.jar:?]
	at net.minecraft.client.main.Main.main(Main.java:256) [client-intermediary.jar:?]
	at net.fabricmc.loader.impl.game.minecraft.MinecraftGameProvider.launch(MinecraftGameProvider.java:470) [fabric-loader-0.15.11.jar:?]
	at net.fabricmc.loader.impl.launch.knot.Knot.launch(Knot.java:74) [fabric-loader-0.15.11.jar:?]
	at net.fabricmc.loader.impl.launch.knot.KnotClient.main(KnotClient.java:23) [fabric-loader-0.15.11.jar:?]
	at org.prismlauncher.launcher.impl.StandardLauncher.launch(StandardLauncher.java:100) [NewLaunch.jar:?]
	at org.prismlauncher.EntryPoint.listen(EntryPoint.java:129) [NewLaunch.jar:?]
	at org.prismlauncher.EntryPoint.main(EntryPoint.java:70) [NewLaunch.jar:?]
Caused by: java.lang.UnsatisfiedLinkError: Unable to load library 'flite':
libflite.so: cannot open shared object file: No such file or directory
libflite.so: cannot open shared object file: No such file or directory
Native library (linux-x86-64/libflite.so) not found in resource path (/app/share/PrismLauncher/NewLaunch.jar:/home/deck/.var/app/org.prismlauncher.PrismLauncher/data/PrismLauncher/libraries/org/lwjgl/lwjgl-freetype-natives-linux/3.3.3/lwjgl-freetype-natives-linux-3.3.3.jar:/home/deck/.var/app/org.prismlauncher.PrismLauncher/data/PrismLauncher/libraries/org/lwjgl/lwjgl-freetype/3.3.3/lwjgl-freetype-3.3.3.jar:/home/deck/.var/app/org.prismlauncher.PrismLauncher/data/PrismLauncher/libraries/org/lwjgl/lwjgl-glfw-natives-linux/3.3.3/lwjgl-glfw-natives-linux-3.3.3.jar:/home/deck/.var/app/org.prismlauncher.PrismLauncher/data/PrismLauncher/libraries/org/lwjgl/lwjgl-glfw/3.3.3/lwjgl-glfw-3.3.3.jar:/home/deck/.var/app/org.prismlauncher.PrismLauncher/data/PrismLauncher/libraries/org/lwjgl/lwjgl-jemalloc-natives-linux/3.3.3/lwjgl-jemalloc-natives-linux-3.3.3.jar:/home/deck/.var/app/org.prismlauncher.PrismLauncher/data/PrismLauncher/libraries/org/lwjgl/lwjgl-jemalloc/3.3.3/lwjgl-jemalloc-3.3.3.jar:/home/deck/.var/app/org.prismlauncher.PrismLauncher/data/PrismLauncher/libraries/org/lwjgl/lwjgl-natives-linux/3.3.3/lwjgl-natives-linux-3.3.3.jar:/home/deck/.var/app/org.prismlauncher.PrismLauncher/data/PrismLauncher/libraries/org/lwjgl/lwjgl-openal-natives-linux/3.3.3/lwjgl-openal-natives-linux-3.3.3.jar:/home/deck/.var/app/org.prismlauncher.PrismLauncher/data/PrismLauncher/libraries/org/lwjgl/lwjgl-openal/3.3.3/lwjgl-openal-3.3.3.jar:/home/deck/.var/app/org.prismlauncher.PrismLauncher/data/PrismLauncher/libraries/org/lwjgl/lwjgl-opengl-natives-linux/3.3.3/lwjgl-opengl-natives-linux-3.3.3.jar:/home/deck/.var/app/org.prismlauncher.PrismLauncher/data/PrismLauncher/libraries/org/lwjgl/lwjgl-opengl/3.3.3/lwjgl-opengl-3.3.3.jar:/home/deck/.var/app/org.prismlauncher.PrismLauncher/data/PrismLauncher/libraries/org/lwjgl/lwjgl-stb-natives-linux/3.3.3/lwjgl-stb-natives-linux-3.3.3.jar:/home/deck/.var/app/org.prismlauncher.PrismLauncher/data/PrismLauncher/libraries/org/lwjgl/lwjgl-stb/3.3.3/lwjgl-stb-3.3.3.jar:/home/deck/.var/app/org.prismlauncher.PrismLauncher/data/PrismLauncher/libraries/org/lwjgl/lwjgl-tinyfd-natives-linux/3.3.3/lwjgl-tinyfd-natives-linux-3.3.3.jar:/home/deck/.var/app/org.prismlauncher.PrismLauncher/data/PrismLauncher/libraries/org/lwjgl/lwjgl-tinyfd/3.3.3/lwjgl-tinyfd-3.3.3.jar:/home/deck/.var/app/org.prismlauncher.PrismLauncher/data/PrismLauncher/libraries/org/lwjgl/lwjgl/3.3.3/lwjgl-3.3.3.jar:/home/deck/.var/app/org.prismlauncher.PrismLauncher/data/PrismLauncher/libraries/com/github/oshi/oshi-core/6.4.10/oshi-core-6.4.10.jar:/home/deck/.var/app/org.prismlauncher.PrismLauncher/data/PrismLauncher/libraries/com/google/code/gson/gson/2.10.1/gson-2.10.1.jar:/home/deck/.var/app/org.prismlauncher.PrismLauncher/data/PrismLauncher/libraries/com/google/guava/failureaccess/1.0.1/failureaccess-1.0.1.jar:/home/deck/.var/app/org.prismlauncher.PrismLauncher/data/PrismLauncher/libraries/com/google/guava/guava/32.1.2-jre/guava-32.1.2-jre.jar:/home/deck/.var/app/org.prismlauncher.PrismLauncher/data/PrismLauncher/libraries/com/ibm/icu/icu4j/73.2/icu4j-73.2.jar:/home/deck/.var/app/org.prismlauncher.PrismLauncher/data/PrismLauncher/libraries/com/mojang/authlib/6.0.54/authlib-6.0.54.jar:/home/deck/.var/app/org.prismlauncher.PrismLauncher/data/PrismLauncher/libraries/com/mojang/blocklist/1.0.10/blocklist-1.0.10.jar:/home/deck/.var/app/org.prismlauncher.PrismLauncher/data/PrismLauncher/libraries/com/mojang/brigadier/1.2.9/brigadier-1.2.9.jar:/home/deck/.var/app/org.prismlauncher.PrismLauncher/data/PrismLauncher/libraries/com/mojang/datafixerupper/8.0.16/datafixerupper-8.0.16.jar:/home/deck/.var/app/org.prismlauncher.PrismLauncher/data/PrismLauncher/libraries/com/mojang/logging/1.2.7/logging-1.2.7.jar:/home/deck/.var/app/org.prismlauncher.PrismLauncher/data/PrismLauncher/libraries/com/mojang/patchy/2.2.10/patchy-2.2.10.jar:/home/deck/.var/app/org.prismlauncher.PrismLauncher/data/PrismLauncher/libraries/com/mojang/text2speech/1.17.9/text2speech-1.17.9.jar:/home/deck/.var/app/org.prismlauncher.PrismLauncher/data/PrismLauncher/libraries/commons-codec/commons-codec/1.16.0/commons-codec-1.16.0.jar:/home/deck/.var/app/org.prismlauncher.PrismLauncher/data/PrismLauncher/libraries/commons-io/commons-io/2.15.1/commons-io-2.15.1.jar:/home/deck/.var/app/org.prismlauncher.PrismLauncher/data/PrismLauncher/libraries/commons-logging/commons-logging/1.2/commons-logging-1.2.jar:/home/deck/.var/app/org.prismlauncher.PrismLauncher/data/PrismLauncher/libraries/io/netty/netty-buffer/4.1.97.Final/netty-buffer-4.1.97.Final.jar:/home/deck/.var/app/org.prismlauncher.PrismLauncher/data/PrismLauncher/libraries/io/netty/netty-codec/4.1.97.Final/netty-codec-4.1.97.Final.jar:/home/deck/.var/app/org.prismlauncher.PrismLauncher/data/PrismLauncher/libraries/io/netty/netty-common/4.1.97.Final/netty-common-4.1.97.Final.jar:/home/deck/.var/app/org.prismlauncher.PrismLauncher/data/PrismLauncher/libraries/io/netty/netty-handler/4.1.97.Final/netty-handler-4.1.97.Final.jar:/home/deck/.var/app/org.prismlauncher.PrismLauncher/data/PrismLauncher/libraries/io/netty/netty-resolver/4.1.97.Final/netty-resolver-4.1.97.Final.jar:/home/deck/.var/app/org.prismlauncher.PrismLauncher/data/PrismLauncher/libraries/io/netty/netty-transport-classes-epoll/4.1.97.Final/netty-transport-classes-epoll-4.1.97.Final.jar:/home/deck/.var/app/org.prismlauncher.PrismLauncher/data/PrismLauncher/libraries/io/netty/netty-transport-native-epoll/4.1.97.Final/netty-transport-native-epoll-4.1.97.Final-linux-aarch_64.jar:/home/deck/.var/app/org.prismlauncher.PrismLauncher/data/PrismLauncher/libraries/io/netty/netty-transport-native-epoll/4.1.97.Final/netty-transport-native-epoll-4.1.97.Final-linux-x86_64.jar:/home/deck/.var/app/org.prismlauncher.PrismLauncher/data/PrismLauncher/libraries/io/netty/netty-transport-native-unix-common/4.1.97.Final/netty-transport-native-unix-common-4.1.97.Final.jar:/home/deck/.var/app/org.prismlauncher.PrismLauncher/data/PrismLauncher/libraries/io/netty/netty-transport/4.1.97.Final/netty-transport-4.1.97.Final.jar:/home/deck/.var/app/org.prismlauncher.PrismLauncher/data/PrismLauncher/libraries/it/unimi/dsi/fastutil/8.5.12/fastutil-8.5.12.jar:/home/deck/.var/app/org.prismlauncher.PrismLauncher/data/PrismLauncher/libraries/net/java/dev/jna/jna-platform/5.14.0/jna-platform-5.14.0.jar:/home/deck/.var/app/org.prismlauncher.PrismLauncher/data/PrismLauncher/libraries/net/java/dev/jna/jna/5.14.0/jna-5.14.0.jar:/home/deck/.var/app/org.prismlauncher.PrismLauncher/data/PrismLauncher/libraries/net/sf/jopt-simple/jopt-simple/5.0.4/jopt-simple-5.0.4.jar:/home/deck/.var/app/org.prismlauncher.PrismLauncher/data/PrismLauncher/libraries/org/apache/commons/commons-compress/1.26.0/commons-compress-1.26.0.jar:/home/deck/.var/app/org.prismlauncher.PrismLauncher/data/PrismLauncher/libraries/org/apache/commons/commons-lang3/3.14.0/commons-lang3-3.14.0.jar:/home/deck/.var/app/org.prismlauncher.PrismLauncher/data/PrismLauncher/libraries/org/apache/httpcomponents/httpclient/4.5.13/httpclient-4.5.13.jar:/home/deck/.var/app/org.prismlauncher.PrismLauncher/data/PrismLauncher/libraries/org/apache/httpcomponents/httpcore/4.4.16/httpcore-4.4.16.jar:/home/deck/.var/app/org.prismlauncher.PrismLauncher/data/PrismLauncher/libraries/org/apache/logging/log4j/log4j-api/2.22.1/log4j-api-2.22.1.jar:/home/deck/.var/app/org.prismlauncher.PrismLauncher/data/PrismLauncher/libraries/org/apache/logging/log4j/log4j-core/2.22.1/log4j-core-2.22.1.jar:/home/deck/.var/app/org.prismlauncher.PrismLauncher/data/PrismLauncher/libraries/org/apache/logging/log4j/log4j-slf4j2-impl/2.22.1/log4j-slf4j2-impl-2.22.1.jar:/home/deck/.var/app/org.prismlauncher.PrismLauncher/data/PrismLauncher/libraries/org/jcraft/jorbis/0.0.17/jorbis-0.0.17.jar:/home/deck/.var/app/org.prismlauncher.PrismLauncher/data/PrismLauncher/libraries/org/joml/joml/1.10.5/joml-1.10.5.jar:/home/deck/.var/app/org.prismlauncher.PrismLauncher/data/PrismLauncher/libraries/org/lz4/lz4-java/1.8.0/lz4-java-1.8.0.jar:/home/deck/.var/app/org.prismlauncher.PrismLauncher/data/PrismLauncher/libraries/org/slf4j/slf4j-api/2.0.9/slf4j-api-2.0.9.jar:/home/deck/.var/app/org.prismlauncher.PrismLauncher/data/PrismLauncher/libraries/net/fabricmc/intermediary/1.21/intermediary-1.21.jar:/home/deck/.var/app/org.prismlauncher.PrismLauncher/data/PrismLauncher/libraries/org/ow2/asm/asm/9.6/asm-9.6.jar:/home/deck/.var/app/org.prismlauncher.PrismLauncher/data/PrismLauncher/libraries/org/ow2/asm/asm-analysis/9.6/asm-analysis-9.6.jar:/home/deck/.var/app/org.prismlauncher.PrismLauncher/data/PrismLauncher/libraries/org/ow2/asm/asm-commons/9.6/asm-commons-9.6.jar:/home/deck/.var/app/org.prismlauncher.PrismLauncher/data/PrismLauncher/libraries/org/ow2/asm/asm-tree/9.6/asm-tree-9.6.jar:/home/deck/.var/app/org.prismlauncher.PrismLauncher/data/PrismLauncher/libraries/org/ow2/asm/asm-util/9.6/asm-util-9.6.jar:/home/deck/.var/app/org.prismlauncher.PrismLauncher/data/PrismLauncher/libraries/net/fabricmc/sponge-mixin/0.13.3+mixin.0.8.5/sponge-mixin-0.13.3+mixin.0.8.5.jar:/home/deck/.var/app/org.prismlauncher.PrismLauncher/data/PrismLauncher/libraries/net/fabricmc/fabric-loader/0.15.11/fabric-loader-0.15.11.jar:/home/deck/.var/app/org.prismlauncher.PrismLauncher/data/PrismLauncher/libraries/com/mojang/minecraft/1.21/minecraft-1.21-client.jar)
	at com.sun.jna.NativeLibrary.loadLibrary(NativeLibrary.java:325) ~[jna-5.14.0.jar:?]
	at com.sun.jna.NativeLibrary.getInstance(NativeLibrary.java:481) ~[jna-5.14.0.jar:?]
	at com.sun.jna.NativeLibrary.getInstance(NativeLibrary.java:423) ~[jna-5.14.0.jar:?]
	at com.mojang.text2speech.NarratorLinux$FliteLibrary.loadNative(NarratorLinux.java:67) ~[text2speech-1.17.9.jar:?]
	... 28 more
	Suppressed: java.lang.UnsatisfiedLinkError: libflite.so: cannot open shared object file: No such file or directory
		at com.sun.jna.Native.open(Native Method) ~[jna-5.14.0.jar:?]
		at com.sun.jna.NativeLibrary.loadLibrary(NativeLibrary.java:213) ~[jna-5.14.0.jar:?]
		at com.sun.jna.NativeLibrary.getInstance(NativeLibrary.java:481) ~[jna-5.14.0.jar:?]
		at com.sun.jna.NativeLibrary.getInstance(NativeLibrary.java:423) ~[jna-5.14.0.jar:?]
		at com.mojang.text2speech.NarratorLinux$FliteLibrary.loadNative(NarratorLinux.java:67) ~[text2speech-1.17.9.jar:?]
		at com.mojang.text2speech.NarratorLinux.<init>(NarratorLinux.java:18) ~[text2speech-1.17.9.jar:?]
		at com.mojang.text2speech.Narrator.getNarrator(Narrator.java:41) ~[text2speech-1.17.9.jar:?]
		at net.minecraft.class_8032.method_53552(class_8032.java:106) ~[client-intermediary.jar:?]
		at net.minecraft.class_8032.method_25419(class_8032.java:95) ~[client-intermediary.jar:?]
		at net.minecraft.class_8032.method_48639(class_8032.java:66) ~[client-intermediary.jar:?]
		at net.minecraft.class_4185.method_25306(class_4185.java:96) ~[client-intermediary.jar:?]
		at net.minecraft.class_4264.method_25348(class_4264.java:48) ~[client-intermediary.jar:?]
		at net.minecraft.class_339.method_25402(class_339.java:141) ~[client-intermediary.jar:?]
		at net.minecraft.class_4069.method_25402(class_4069.java:38) ~[client-intermediary.jar:?]
		at net.minecraft.class_312.method_1611(class_312.java:107) ~[client-intermediary.jar:?]
		at net.minecraft.class_437.method_25412(class_437.java:431) ~[client-intermediary.jar:?]
		at net.minecraft.class_312.method_1601(class_312.java:107) ~[client-intermediary.jar:?]
		at net.minecraft.class_312.method_22686(class_312.java:196) ~[client-intermediary.jar:?]
		at net.minecraft.class_1255.execute(class_1255.java:108) ~[client-intermediary.jar:?]
		at net.minecraft.class_312.method_22684(class_312.java:196) ~[client-intermediary.jar:?]
		at org.lwjgl.glfw.GLFWMouseButtonCallbackI.callback(GLFWMouseButtonCallbackI.java:43) [lwjgl-glfw-3.3.3.jar:?]
		at org.lwjgl.system.JNI.invokeV(Native Method) ~[lwjgl-3.3.3.jar:?]
		at org.lwjgl.glfw.GLFW.glfwWaitEventsTimeout(GLFW.java:3509) [lwjgl-glfw-3.3.3.jar:?]
		at com.mojang.blaze3d.systems.RenderSystem.limitDisplayFPS(RenderSystem.java:184) [client-intermediary.jar:?]
		at net.minecraft.class_310.method_1523(class_310.java:1310) [client-intermediary.jar:?]
		at net.minecraft.class_310.method_1514(class_310.java:882) [client-intermediary.jar:?]
		at net.minecraft.client.main.Main.main(Main.java:256) [client-intermediary.jar:?]
		at net.fabricmc.loader.impl.game.minecraft.MinecraftGameProvider.launch(MinecraftGameProvider.java:470) [fabric-loader-0.15.11.jar:?]
		at net.fabricmc.loader.impl.launch.knot.Knot.launch(Knot.java:74) [fabric-loader-0.15.11.jar:?]
		at net.fabricmc.loader.impl.launch.knot.KnotClient.main(KnotClient.java:23) [fabric-loader-0.15.11.jar:?]
		at org.prismlauncher.launcher.impl.StandardLauncher.launch(StandardLauncher.java:100) [NewLaunch.jar:?]
		at org.prismlauncher.EntryPoint.listen(EntryPoint.java:129) [NewLaunch.jar:?]
		at org.prismlauncher.EntryPoint.main(EntryPoint.java:70) [NewLaunch.jar:?]
	Suppressed: java.lang.UnsatisfiedLinkError: libflite.so: cannot open shared object file: No such file or directory
		at com.sun.jna.Native.open(Native Method) ~[jna-5.14.0.jar:?]
		at com.sun.jna.NativeLibrary.loadLibrary(NativeLibrary.java:226) ~[jna-5.14.0.jar:?]
		at com.sun.jna.NativeLibrary.getInstance(NativeLibrary.java:481) ~[jna-5.14.0.jar:?]
		at com.sun.jna.NativeLibrary.getInstance(NativeLibrary.java:423) ~[jna-5.14.0.jar:?]
		at com.mojang.text2speech.NarratorLinux$FliteLibrary.loadNative(NarratorLinux.java:67) ~[text2speech-1.17.9.jar:?]
		at com.mojang.text2speech.NarratorLinux.<init>(NarratorLinux.java:18) ~[text2speech-1.17.9.jar:?]
		at com.mojang.text2speech.Narrator.getNarrator(Narrator.java:41) ~[text2speech-1.17.9.jar:?]
		at net.minecraft.class_8032.method_53552(class_8032.java:106) ~[client-intermediary.jar:?]
		at net.minecraft.class_8032.method_25419(class_8032.java:95) ~[client-intermediary.jar:?]
		at net.minecraft.class_8032.method_48639(class_8032.java:66) ~[client-intermediary.jar:?]
		at net.minecraft.class_4185.method_25306(class_4185.java:96) ~[client-intermediary.jar:?]
		at net.minecraft.class_4264.method_25348(class_4264.java:48) ~[client-intermediary.jar:?]
		at net.minecraft.class_339.method_25402(class_339.java:141) ~[client-intermediary.jar:?]
		at net.minecraft.class_4069.method_25402(class_4069.java:38) ~[client-intermediary.jar:?]
		at net.minecraft.class_312.method_1611(class_312.java:107) ~[client-intermediary.jar:?]
		at net.minecraft.class_437.method_25412(class_437.java:431) ~[client-intermediary.jar:?]
		at net.minecraft.class_312.method_1601(class_312.java:107) ~[client-intermediary.jar:?]
		at net.minecraft.class_312.method_22686(class_312.java:196) ~[client-intermediary.jar:?]
		at net.minecraft.class_1255.execute(class_1255.java:108) ~[client-intermediary.jar:?]
		at net.minecraft.class_312.method_22684(class_312.java:196) ~[client-intermediary.jar:?]
		at org.lwjgl.glfw.GLFWMouseButtonCallbackI.callback(GLFWMouseButtonCallbackI.java:43) [lwjgl-glfw-3.3.3.jar:?]
		at org.lwjgl.system.JNI.invokeV(Native Method) ~[lwjgl-3.3.3.jar:?]
		at org.lwjgl.glfw.GLFW.glfwWaitEventsTimeout(GLFW.java:3509) [lwjgl-glfw-3.3.3.jar:?]
		at com.mojang.blaze3d.systems.RenderSystem.limitDisplayFPS(RenderSystem.java:184) [client-intermediary.jar:?]
		at net.minecraft.class_310.method_1523(class_310.java:1310) [client-intermediary.jar:?]
		at net.minecraft.class_310.method_1514(class_310.java:882) [client-intermediary.jar:?]
		at net.minecraft.client.main.Main.main(Main.java:256) [client-intermediary.jar:?]
		at net.fabricmc.loader.impl.game.minecraft.MinecraftGameProvider.launch(MinecraftGameProvider.java:470) [fabric-loader-0.15.11.jar:?]
		at net.fabricmc.loader.impl.launch.knot.Knot.launch(Knot.java:74) [fabric-loader-0.15.11.jar:?]
		at net.fabricmc.loader.impl.launch.knot.KnotClient.main(KnotClient.java:23) [fabric-loader-0.15.11.jar:?]
		at org.prismlauncher.launcher.impl.StandardLauncher.launch(StandardLauncher.java:100) [NewLaunch.jar:?]
		at org.prismlauncher.EntryPoint.listen(EntryPoint.java:129) [NewLaunch.jar:?]
		at org.prismlauncher.EntryPoint.main(EntryPoint.java:70) [NewLaunch.jar:?]
	Suppressed: java.io.IOException: Native library (linux-x86-64/libflite.so) not found in resource path (/app/share/PrismLauncher/NewLaunch.jar:/home/deck/.var/app/org.prismlauncher.PrismLauncher/data/PrismLauncher/libraries/org/lwjgl/lwjgl-freetype-natives-linux/3.3.3/lwjgl-freetype-natives-linux-3.3.3.jar:/home/deck/.var/app/org.prismlauncher.PrismLauncher/data/PrismLauncher/libraries/org/lwjgl/lwjgl-freetype/3.3.3/lwjgl-freetype-3.3.3.jar:/home/deck/.var/app/org.prismlauncher.PrismLauncher/data/PrismLauncher/libraries/org/lwjgl/lwjgl-glfw-natives-linux/3.3.3/lwjgl-glfw-natives-linux-3.3.3.jar:/home/deck/.var/app/org.prismlauncher.PrismLauncher/data/PrismLauncher/libraries/org/lwjgl/lwjgl-glfw/3.3.3/lwjgl-glfw-3.3.3.jar:/home/deck/.var/app/org.prismlauncher.PrismLauncher/data/PrismLauncher/libraries/org/lwjgl/lwjgl-jemalloc-natives-linux/3.3.3/lwjgl-jemalloc-natives-linux-3.3.3.jar:/home/deck/.var/app/org.prismlauncher.PrismLauncher/data/PrismLauncher/libraries/org/lwjgl/lwjgl-jemalloc/3.3.3/lwjgl-jemalloc-3.3.3.jar:/home/deck/.var/app/org.prismlauncher.PrismLauncher/data/PrismLauncher/libraries/org/lwjgl/lwjgl-natives-linux/3.3.3/lwjgl-natives-linux-3.3.3.jar:/home/deck/.var/app/org.prismlauncher.PrismLauncher/data/PrismLauncher/libraries/org/lwjgl/lwjgl-openal-natives-linux/3.3.3/lwjgl-openal-natives-linux-3.3.3.jar:/home/deck/.var/app/org.prismlauncher.PrismLauncher/data/PrismLauncher/libraries/org/lwjgl/lwjgl-openal/3.3.3/lwjgl-openal-3.3.3.jar:/home/deck/.var/app/org.prismlauncher.PrismLauncher/data/PrismLauncher/libraries/org/lwjgl/lwjgl-opengl-natives-linux/3.3.3/lwjgl-opengl-natives-linux-3.3.3.jar:/home/deck/.var/app/org.prismlauncher.PrismLauncher/data/PrismLauncher/libraries/org/lwjgl/lwjgl-opengl/3.3.3/lwjgl-opengl-3.3.3.jar:/home/deck/.var/app/org.prismlauncher.PrismLauncher/data/PrismLauncher/libraries/org/lwjgl/lwjgl-stb-natives-linux/3.3.3/lwjgl-stb-natives-linux-3.3.3.jar:/home/deck/.var/app/org.prismlauncher.PrismLauncher/data/PrismLauncher/libraries/org/lwjgl/lwjgl-stb/3.3.3/lwjgl-stb-3.3.3.jar:/home/deck/.var/app/org.prismlauncher.PrismLauncher/data/PrismLauncher/libraries/org/lwjgl/lwjgl-tinyfd-natives-linux/3.3.3/lwjgl-tinyfd-natives-linux-3.3.3.jar:/home/deck/.var/app/org.prismlauncher.PrismLauncher/data/PrismLauncher/libraries/org/lwjgl/lwjgl-tinyfd/3.3.3/lwjgl-tinyfd-3.3.3.jar:/home/deck/.var/app/org.prismlauncher.PrismLauncher/data/PrismLauncher/libraries/org/lwjgl/lwjgl/3.3.3/lwjgl-3.3.3.jar:/home/deck/.var/app/org.prismlauncher.PrismLauncher/data/PrismLauncher/libraries/com/github/oshi/oshi-core/6.4.10/oshi-core-6.4.10.jar:/home/deck/.var/app/org.prismlauncher.PrismLauncher/data/PrismLauncher/libraries/com/google/code/gson/gson/2.10.1/gson-2.10.1.jar:/home/deck/.var/app/org.prismlauncher.PrismLauncher/data/PrismLauncher/libraries/com/google/guava/failureaccess/1.0.1/failureaccess-1.0.1.jar:/home/deck/.var/app/org.prismlauncher.PrismLauncher/data/PrismLauncher/libraries/com/google/guava/guava/32.1.2-jre/guava-32.1.2-jre.jar:/home/deck/.var/app/org.prismlauncher.PrismLauncher/data/PrismLauncher/libraries/com/ibm/icu/icu4j/73.2/icu4j-73.2.jar:/home/deck/.var/app/org.prismlauncher.PrismLauncher/data/PrismLauncher/libraries/com/mojang/authlib/6.0.54/authlib-6.0.54.jar:/home/deck/.var/app/org.prismlauncher.PrismLauncher/data/PrismLauncher/libraries/com/mojang/blocklist/1.0.10/blocklist-1.0.10.jar:/home/deck/.var/app/org.prismlauncher.PrismLauncher/data/PrismLauncher/libraries/com/mojang/brigadier/1.2.9/brigadier-1.2.9.jar:/home/deck/.var/app/org.prismlauncher.PrismLauncher/data/PrismLauncher/libraries/com/mojang/datafixerupper/8.0.16/datafixerupper-8.0.16.jar:/home/deck/.var/app/org.prismlauncher.PrismLauncher/data/PrismLauncher/libraries/com/mojang/logging/1.2.7/logging-1.2.7.jar:/home/deck/.var/app/org.prismlauncher.PrismLauncher/data/PrismLauncher/libraries/com/mojang/patchy/2.2.10/patchy-2.2.10.jar:/home/deck/.var/app/org.prismlauncher.PrismLauncher/data/PrismLauncher/libraries/com/mojang/text2speech/1.17.9/text2speech-1.17.9.jar:/home/deck/.var/app/org.prismlauncher.PrismLauncher/data/PrismLauncher/libraries/commons-codec/commons-codec/1.16.0/commons-codec-1.16.0.jar:/home/deck/.var/app/org.prismlauncher.PrismLauncher/data/PrismLauncher/libraries/commons-io/commons-io/2.15.1/commons-io-2.15.1.jar:/home/deck/.var/app/org.prismlauncher.PrismLauncher/data/PrismLauncher/libraries/commons-logging/commons-logging/1.2/commons-logging-1.2.jar:/home/deck/.var/app/org.prismlauncher.PrismLauncher/data/PrismLauncher/libraries/io/netty/netty-buffer/4.1.97.Final/netty-buffer-4.1.97.Final.jar:/home/deck/.var/app/org.prismlauncher.PrismLauncher/data/PrismLauncher/libraries/io/netty/netty-codec/4.1.97.Final/netty-codec-4.1.97.Final.jar:/home/deck/.var/app/org.prismlauncher.PrismLauncher/data/PrismLauncher/libraries/io/netty/netty-common/4.1.97.Final/netty-common-4.1.97.Final.jar:/home/deck/.var/app/org.prismlauncher.PrismLauncher/data/PrismLauncher/libraries/io/netty/netty-handler/4.1.97.Final/netty-handler-4.1.97.Final.jar:/home/deck/.var/app/org.prismlauncher.PrismLauncher/data/PrismLauncher/libraries/io/netty/netty-resolver/4.1.97.Final/netty-resolver-4.1.97.Final.jar:/home/deck/.var/app/org.prismlauncher.PrismLauncher/data/PrismLauncher/libraries/io/netty/netty-transport-classes-epoll/4.1.97.Final/netty-transport-classes-epoll-4.1.97.Final.jar:/home/deck/.var/app/org.prismlauncher.PrismLauncher/data/PrismLauncher/libraries/io/netty/netty-transport-native-epoll/4.1.97.Final/netty-transport-native-epoll-4.1.97.Final-linux-aarch_64.jar:/home/deck/.var/app/org.prismlauncher.PrismLauncher/data/PrismLauncher/libraries/io/netty/netty-transport-native-epoll/4.1.97.Final/netty-transport-native-epoll-4.1.97.Final-linux-x86_64.jar:/home/deck/.var/app/org.prismlauncher.PrismLauncher/data/PrismLauncher/libraries/io/netty/netty-transport-native-unix-common/4.1.97.Final/netty-transport-native-unix-common-4.1.97.Final.jar:/home/deck/.var/app/org.prismlauncher.PrismLauncher/data/PrismLauncher/libraries/io/netty/netty-transport/4.1.97.Final/netty-transport-4.1.97.Final.jar:/home/deck/.var/app/org.prismlauncher.PrismLauncher/data/PrismLauncher/libraries/it/unimi/dsi/fastutil/8.5.12/fastutil-8.5.12.jar:/home/deck/.var/app/org.prismlauncher.PrismLauncher/data/PrismLauncher/libraries/net/java/dev/jna/jna-platform/5.14.0/jna-platform-5.14.0.jar:/home/deck/.var/app/org.prismlauncher.PrismLauncher/data/PrismLauncher/libraries/net/java/dev/jna/jna/5.14.0/jna-5.14.0.jar:/home/deck/.var/app/org.prismlauncher.PrismLauncher/data/PrismLauncher/libraries/net/sf/jopt-simple/jopt-simple/5.0.4/jopt-simple-5.0.4.jar:/home/deck/.var/app/org.prismlauncher.PrismLauncher/data/PrismLauncher/libraries/org/apache/commons/commons-compress/1.26.0/commons-compress-1.26.0.jar:/home/deck/.var/app/org.prismlauncher.PrismLauncher/data/PrismLauncher/libraries/org/apache/commons/commons-lang3/3.14.0/commons-lang3-3.14.0.jar:/home/deck/.var/app/org.prismlauncher.PrismLauncher/data/PrismLauncher/libraries/org/apache/httpcomponents/httpclient/4.5.13/httpclient-4.5.13.jar:/home/deck/.var/app/org.prismlauncher.PrismLauncher/data/PrismLauncher/libraries/org/apache/httpcomponents/httpcore/4.4.16/httpcore-4.4.16.jar:/home/deck/.var/app/org.prismlauncher.PrismLauncher/data/PrismLauncher/libraries/org/apache/logging/log4j/log4j-api/2.22.1/log4j-api-2.22.1.jar:/home/deck/.var/app/org.prismlauncher.PrismLauncher/data/PrismLauncher/libraries/org/apache/logging/log4j/log4j-core/2.22.1/log4j-core-2.22.1.jar:/home/deck/.var/app/org.prismlauncher.PrismLauncher/data/PrismLauncher/libraries/org/apache/logging/log4j/log4j-slf4j2-impl/2.22.1/log4j-slf4j2-impl-2.22.1.jar:/home/deck/.var/app/org.prismlauncher.PrismLauncher/data/PrismLauncher/libraries/org/jcraft/jorbis/0.0.17/jorbis-0.0.17.jar:/home/deck/.var/app/org.prismlauncher.PrismLauncher/data/PrismLauncher/libraries/org/joml/joml/1.10.5/joml-1.10.5.jar:/home/deck/.var/app/org.prismlauncher.PrismLauncher/data/PrismLauncher/libraries/org/lz4/lz4-java/1.8.0/lz4-java-1.8.0.jar:/home/deck/.var/app/org.prismlauncher.PrismLauncher/data/PrismLauncher/libraries/org/slf4j/slf4j-api/2.0.9/slf4j-api-2.0.9.jar:/home/deck/.var/app/org.prismlauncher.PrismLauncher/data/PrismLauncher/libraries/net/fabricmc/intermediary/1.21/intermediary-1.21.jar:/home/deck/.var/app/org.prismlauncher.PrismLauncher/data/PrismLauncher/libraries/org/ow2/asm/asm/9.6/asm-9.6.jar:/home/deck/.var/app/org.prismlauncher.PrismLauncher/data/PrismLauncher/libraries/org/ow2/asm/asm-analysis/9.6/asm-analysis-9.6.jar:/home/deck/.var/app/org.prismlauncher.PrismLauncher/data/PrismLauncher/libraries/org/ow2/asm/asm-commons/9.6/asm-commons-9.6.jar:/home/deck/.var/app/org.prismlauncher.PrismLauncher/data/PrismLauncher/libraries/org/ow2/asm/asm-tree/9.6/asm-tree-9.6.jar:/home/deck/.var/app/org.prismlauncher.PrismLauncher/data/PrismLauncher/libraries/org/ow2/asm/asm-util/9.6/asm-util-9.6.jar:/home/deck/.var/app/org.prismlauncher.PrismLauncher/data/PrismLauncher/libraries/net/fabricmc/sponge-mixin/0.13.3+mixin.0.8.5/sponge-mixin-0.13.3+mixin.0.8.5.jar:/home/deck/.var/app/org.prismlauncher.PrismLauncher/data/PrismLauncher/libraries/net/fabricmc/fabric-loader/0.15.11/fabric-loader-0.15.11.jar:/home/deck/.var/app/org.prismlauncher.PrismLauncher/data/PrismLauncher/libraries/com/mojang/minecraft/1.21/minecraft-1.21-client.jar)
		at com.sun.jna.Native.extractFromResourcePath(Native.java:1141) ~[jna-5.14.0.jar:?]
		at com.sun.jna.NativeLibrary.loadLibrary(NativeLibrary.java:297) ~[jna-5.14.0.jar:?]
		at com.sun.jna.NativeLibrary.getInstance(NativeLibrary.java:481) ~[jna-5.14.0.jar:?]
		at com.sun.jna.NativeLibrary.getInstance(NativeLibrary.java:423) ~[jna-5.14.0.jar:?]
		at com.mojang.text2speech.NarratorLinux$FliteLibrary.loadNative(NarratorLinux.java:67) ~[text2speech-1.17.9.jar:?]
		at com.mojang.text2speech.NarratorLinux.<init>(NarratorLinux.java:18) ~[text2speech-1.17.9.jar:?]
		at com.mojang.text2speech.Narrator.getNarrator(Narrator.java:41) ~[text2speech-1.17.9.jar:?]
		at net.minecraft.class_8032.method_53552(class_8032.java:106) ~[client-intermediary.jar:?]
		at net.minecraft.class_8032.method_25419(class_8032.java:95) ~[client-intermediary.jar:?]
		at net.minecraft.class_8032.method_48639(class_8032.java:66) ~[client-intermediary.jar:?]
		at net.minecraft.class_4185.method_25306(class_4185.java:96) ~[client-intermediary.jar:?]
		at net.minecraft.class_4264.method_25348(class_4264.java:48) ~[client-intermediary.jar:?]
		at net.minecraft.class_339.method_25402(class_339.java:141) ~[client-intermediary.jar:?]
		at net.minecraft.class_4069.method_25402(class_4069.java:38) ~[client-intermediary.jar:?]
		at net.minecraft.class_312.method_1611(class_312.java:107) ~[client-intermediary.jar:?]
		at net.minecraft.class_437.method_25412(class_437.java:431) ~[client-intermediary.jar:?]
		at net.minecraft.class_312.method_1601(class_312.java:107) ~[client-intermediary.jar:?]
		at net.minecraft.class_312.method_22686(class_312.java:196) ~[client-intermediary.jar:?]
		at net.minecraft.class_1255.execute(class_1255.java:108) ~[client-intermediary.jar:?]
		at net.minecraft.class_312.method_22684(class_312.java:196) ~[client-intermediary.jar:?]
		at org.lwjgl.glfw.GLFWMouseButtonCallbackI.callback(GLFWMouseButtonCallbackI.java:43) [lwjgl-glfw-3.3.3.jar:?]
		at org.lwjgl.system.JNI.invokeV(Native Method) ~[lwjgl-3.3.3.jar:?]
		at org.lwjgl.glfw.GLFW.glfwWaitEventsTimeout(GLFW.java:3509) [lwjgl-glfw-3.3.3.jar:?]
		at com.mojang.blaze3d.systems.RenderSystem.limitDisplayFPS(RenderSystem.java:184) [client-intermediary.jar:?]
		at net.minecraft.class_310.method_1523(class_310.java:1310) [client-intermediary.jar:?]
		at net.minecraft.class_310.method_1514(class_310.java:882) [client-intermediary.jar:?]
		at net.minecraft.client.main.Main.main(Main.java:256) [client-intermediary.jar:?]
		at net.fabricmc.loader.impl.game.minecraft.MinecraftGameProvider.launch(MinecraftGameProvider.java:470) [fabric-loader-0.15.11.jar:?]
		at net.fabricmc.loader.impl.launch.knot.Knot.launch(Knot.java:74) [fabric-loader-0.15.11.jar:?]
		at net.fabricmc.loader.impl.launch.knot.KnotClient.main(KnotClient.java:23) [fabric-loader-0.15.11.jar:?]
		at org.prismlauncher.launcher.impl.StandardLauncher.launch(StandardLauncher.java:100) [NewLaunch.jar:?]
		at org.prismlauncher.EntryPoint.listen(EntryPoint.java:129) [NewLaunch.jar:?]
		at org.prismlauncher.EntryPoint.main(EntryPoint.java:70) [NewLaunch.jar:?]
[17:43:09] [Render thread/INFO]: Loaded 1290 recipes
[17:43:10] [Render thread/INFO]: Loaded 1399 advancements
[17:43:13] [Render thread/INFO]: Stopping!
